<?xml version="1.0" encoding="UTF-8"?>
<!-- Generated by org.testng.reporters.JUnitReportReporter -->
<testsuite skipped="0" hostname="Ameyas-MBP" name="trello.tests.Create_Card_DataDriven_Test" tests="6" failures="0" timestamp="2021-09-23T11:54:50 IST" time="24.405" errors="0">
  <testcase name="testCreationOfMultipleCardsInAnExistingBoard" time="2.099" classname="trello.tests.Create_Card_DataDriven_Test"/>
  <system-out/>
  <testcase name="testCreationOfMultipleCardsInAnExistingBoard" time="2.168" classname="trello.tests.Create_Card_DataDriven_Test"/>
  <system-out/>
  <testcase name="testCreationOfMultipleCardsInAnExistingBoard" time="12.191" classname="trello.tests.Create_Card_DataDriven_Test"/>
  <system-out/>
  <testcase name="testCreationOfMultipleCardsInAnExistingBoard" time="2.762" classname="trello.tests.Create_Card_DataDriven_Test"/>
  <system-out/>
  <testcase name="testCreationOfMultipleCardsInAnExistingBoard" time="2.562" classname="trello.tests.Create_Card_DataDriven_Test"/>
  <system-out/>
  <testcase name="testCreationOfMultipleCardsInAnExistingBoard" time="2.623" classname="trello.tests.Create_Card_DataDriven_Test"/>
  <system-out/>
</testsuite> <!-- trello.tests.Create_Card_DataDriven_Test -->
