<?xml version="1.0" encoding="UTF-8"?>
<!-- Generated by org.testng.reporters.JUnitReportReporter -->
<testsuite skipped="0" hostname="Ameyas-MBP" name="restcountries.Get_Countries_By_Name_Test" tests="1" failures="0" timestamp="2021-09-22T13:16:41 IST" time="4.451" errors="0">
  <testcase name="testNumberOfCountries" time="4.451" classname="restcountries.Get_Countries_By_Name_Test"/>
  <system-out/>
</testsuite> <!-- restcountries.Get_Countries_By_Name_Test -->
