<?xml version="1.0" encoding="UTF-8"?>
<!-- Generated by org.testng.reporters.JUnitReportReporter -->
<testsuite skipped="0" hostname="Ameyas-MBP" name="reqres.PostExampleTest" tests="1" failures="0" timestamp="2021-09-23T17:23:49 IST" time="5.121" errors="0">
  <testcase name="testCreateNewUser" time="5.121" classname="reqres.PostExampleTest"/>
  <system-out/>
</testsuite> <!-- reqres.PostExampleTest -->
