<?xml version="1.0" encoding="UTF-8"?>
<!-- Generated by org.testng.reporters.JUnitReportReporter -->
<testsuite skipped="0" hostname="Ameyas-MBP" name="coop.CoopTests" tests="1" failures="0" timestamp="2021-09-23T15:27:45 IST" time="5.283" errors="0">
  <testcase name="testCollectEggs" time="5.283" classname="coop.CoopTests"/>
  <system-out/>
</testsuite> <!-- coop.CoopTests -->
