<?xml version="1.0" encoding="UTF-8"?>
<!-- Generated by org.testng.reporters.JUnitReportReporter -->
<testsuite skipped="0" hostname="Ameyas-MBP" name="trello.Get_All_Boards_For_A_User_Test" tests="1" failures="0" timestamp="2021-09-22T15:37:03 IST" time="3.965" errors="0">
  <testcase name="testBoardsForAUser" time="3.965" classname="trello.Get_All_Boards_For_A_User_Test"/>
  <system-out/>
</testsuite> <!-- trello.Get_All_Boards_For_A_User_Test -->
