<?xml version="1.0" encoding="UTF-8"?>
<!-- Generated by org.testng.reporters.JUnitReportReporter -->
<testsuite skipped="0" hostname="Ameyas-MBP" name="auth.BasicAuthExample" tests="1" failures="0" timestamp="2021-09-23T13:00:16 IST" time="3.759" errors="0">
  <testcase name="testBasicAuthOfPostman" time="3.759" classname="auth.BasicAuthExample"/>
  <system-out/>
</testsuite> <!-- auth.BasicAuthExample -->
