<?xml version="1.0" encoding="UTF-8"?>
<!-- Generated by org.testng.reporters.JUnitReportReporter -->
<testsuite skipped="0" hostname="Ameyas-MBP" name="auth.OAuth2_Generate_Token_Example" tests="1" failures="0" timestamp="2021-09-23T14:53:15 IST" time="3.708" errors="0">
  <testcase name="testGetToken" time="3.708" classname="auth.OAuth2_Generate_Token_Example"/>
  <system-out/>
</testsuite> <!-- auth.OAuth2_Generate_Token_Example -->
