<?xml version="1.0" encoding="UTF-8"?>
<!-- Generated by org.testng.reporters.JUnitReportReporter -->
<testsuite skipped="0" hostname="Ameyas-MBP" name="mockito.TrelloCreateNewCardTest" tests="1" failures="0" timestamp="2021-09-23T17:10:50 IST" time="1.583" errors="0">
  <testcase name="testCreationOfNewCard" time="1.583" classname="mockito.TrelloCreateNewCardTest"/>
  <system-out/>
</testsuite> <!-- mockito.TrelloCreateNewCardTest -->
