<?xml version="1.0" encoding="UTF-8"?>
<!-- Generated by org.testng.reporters.JUnitReportReporter -->
<testsuite skipped="0" hostname="Ameyas-MBP" name="trello.Create_Card_Test" tests="1" failures="0" timestamp="2021-09-22T17:38:24 IST" time="6.075" errors="0">
  <testcase name="testCreationOfCardInANewBoard" time="6.075" classname="trello.Create_Card_Test"/>
  <system-out/>
</testsuite> <!-- trello.Create_Card_Test -->
