<?xml version="1.0" encoding="UTF-8"?>
<!-- Generated by org.testng.reporters.JUnitReportReporter -->
<testsuite skipped="0" hostname="Ameyas-MBP" name="trello.Delete_Board_Test" tests="1" failures="0" timestamp="2021-09-22T16:41:51 IST" time="4.237" errors="0">
  <testcase name="testDeleteBoard" time="4.237" classname="trello.Delete_Board_Test"/>
  <system-out/>
</testsuite> <!-- trello.Delete_Board_Test -->
