<?xml version="1.0" encoding="UTF-8"?>
<!-- Generated by org.testng.reporters.JUnitReportReporter -->
<testsuite skipped="0" hostname="Ameyas-MBP" name="auth.OAuth2Example" tests="1" failures="0" timestamp="2021-09-23T13:29:59 IST" time="4.215" errors="0">
  <testcase name="testOAuth2" time="4.215" classname="auth.OAuth2Example"/>
  <system-out/>
</testsuite> <!-- auth.OAuth2Example -->
