<?xml version="1.0" encoding="UTF-8"?>
<!-- Generated by org.testng.reporters.JUnitReportReporter -->
<testsuite skipped="0" hostname="Ameyas-MBP" name="mockito.CalculatorTest" tests="1" failures="0" timestamp="2021-09-23T16:13:49 IST" time="0.036" errors="0">
  <testcase name="testAddition" time="0.036" classname="mockito.CalculatorTest"/>
  <system-out/>
</testsuite> <!-- mockito.CalculatorTest -->
