<?xml version="1.0" encoding="UTF-8"?>
<!-- Generated by org.testng.reporters.JUnitReportReporter -->
<testsuite skipped="0" hostname="Ameyas-MBP" name="trello.Create_New_Board_Test" tests="1" failures="0" timestamp="2021-09-22T15:03:37 IST" time="4.099" errors="0">
  <testcase name="testCreationOfNewBoard" time="4.099" classname="trello.Create_New_Board_Test"/>
  <system-out/>
</testsuite> <!-- trello.Create_New_Board_Test -->
