<?xml version="1.0" encoding="UTF-8"?>
<!-- Generated by org.testng.reporters.JUnitReportReporter -->
<testsuite skipped="0" hostname="Ameyas-MBP" name="mockito.CalculatorTest4" tests="1" failures="0" timestamp="2021-09-23T16:37:45 IST" time="0.011" errors="0">
  <testcase name="testSubtraction" time="0.011" classname="mockito.CalculatorTest4"/>
  <system-out/>
</testsuite> <!-- mockito.CalculatorTest4 -->
