<?xml version="1.0" encoding="UTF-8"?>
<!-- Generated by org.testng.reporters.JUnitReportReporter -->
<testsuite skipped="0" hostname="Ameyas-MBP" name="openweathermap.TestNGExample" tests="2" failures="0" timestamp="2021-09-22T11:49:35 IST" time="0.014" errors="0">
  <testcase name="testOne" time="0.010" classname="openweathermap.TestNGExample"/>
  <system-out/>
  <testcase name="testTwo" time="0.004" classname="openweathermap.TestNGExample"/>
  <system-out/>
</testsuite> <!-- openweathermap.TestNGExample -->
